{"/home/boredasfawk/Documents/work/vmsa_beta/src/Components/BoshokaComponent.jsx": {"path":"/home/boredasfawk/Documents/work/vmsa_beta/src/Components/BoshokaComponent.jsx","statementMap":{"0":{"start":{"line":4,"column":25},"end":{"line":38,"column":1}},"1":{"start":{"line":5,"column":26},"end":{"line":5,"column":31}},"2":{"start":{"line":9,"column":19},"end":{"line":9,"column":21}},"3":{"start":{"line":10,"column":4},"end":{"line":12,"column":5}},"4":{"start":{"line":10,"column":17},"end":{"line":10,"column":18}},"5":{"start":{"line":11,"column":6},"end":{"line":11,"column":25}},"6":{"start":{"line":13,"column":4},"end":{"line":13,"column":20}},"7":{"start":{"line":16,"column":22},"end":{"line":16,"column":42}},"8":{"start":{"line":18,"column":2},"end":{"line":37,"column":4}},"9":{"start":{"line":22,"column":10},"end":{"line":24,"column":11}},"10":{"start":{"line":23,"column":12},"end":{"line":23,"column":24}},"11":{"start":{"line":25,"column":21},"end":{"line":25,"column":42}},"12":{"start":{"line":26,"column":10},"end":{"line":33,"column":12}}},"fnMap":{"0":{"name":"(anonymous_0)","decl":{"start":{"line":4,"column":25},"end":{"line":4,"column":26}},"loc":{"start":{"line":4,"column":40},"end":{"line":38,"column":1}},"line":4},"1":{"name":"boshoka","decl":{"start":{"line":8,"column":11},"end":{"line":8,"column":18}},"loc":{"start":{"line":8,"column":32},"end":{"line":14,"column":3}},"line":8},"2":{"name":"(anonymous_2)","decl":{"start":{"line":21,"column":25},"end":{"line":21,"column":26}},"loc":{"start":{"line":21,"column":41},"end":{"line":34,"column":9}},"line":21}},"branchMap":{"0":{"loc":{"start":{"line":22,"column":10},"end":{"line":24,"column":11}},"type":"if","locations":[{"start":{"line":22,"column":10},"end":{"line":24,"column":11}},{"start":{"line":22,"column":10},"end":{"line":24,"column":11}}],"line":22}},"s":{"0":1,"1":1,"2":1,"3":1,"4":1,"5":5,"6":1,"7":1,"8":1,"9":5,"10":1,"11":5,"12":5},"f":{"0":1,"1":1,"2":5},"b":{"0":[1,4]},"_coverageSchema":"1a1c01bbd47fc00a2c39e90264f33305004495a9","hash":"ed1844ce466f2d503296770a92c38124f266e4f3"}
,"/home/boredasfawk/Documents/work/vmsa_beta/src/__Test__/Unit/indexFunctions.js": {"path":"/home/boredasfawk/Documents/work/vmsa_beta/src/__Test__/Unit/indexFunctions.js","statementMap":{"0":{"start":{"line":3,"column":17},"end":{"line":3,"column":19}},"1":{"start":{"line":4,"column":2},"end":{"line":6,"column":3}},"2":{"start":{"line":4,"column":15},"end":{"line":4,"column":16}},"3":{"start":{"line":5,"column":4},"end":{"line":5,"column":23}},"4":{"start":{"line":7,"column":2},"end":{"line":7,"column":18}}},"fnMap":{"0":{"name":"boshoka","decl":{"start":{"line":2,"column":9},"end":{"line":2,"column":16}},"loc":{"start":{"line":2,"column":30},"end":{"line":8,"column":1}},"line":2}},"branchMap":{},"s":{"0":1,"1":1,"2":1,"3":5,"4":1},"f":{"0":1},"b":{},"_coverageSchema":"1a1c01bbd47fc00a2c39e90264f33305004495a9","hash":"c065fab0ceace9d9b72640753c126f4fae8fe44b"}
}
